{"level":"info","time":"2026-05-13T23:53:31.469+0800","caller":"runtime/proc.go:290","msg":"日志初始化完成"}
{"level":"info","time":"2026-05-13T23:53:31.485+0800","caller":"runtime/proc.go:290","msg":"数据库连接成功"}
{"level":"info","time":"2026-05-13T23:59:34.993+0800","caller":"runtime/proc.go:290","msg":"日志初始化完成"}
{"level":"info","time":"2026-05-13T23:59:35.010+0800","caller":"runtime/proc.go:290","msg":"数据库连接成功"}
{"level":"info","time":"2026-05-14T00:02:22.824+0800","caller":"runtime/proc.go:290","msg":"日志初始化完成"}
{"level":"info","time":"2026-05-14T00:02:22.839+0800","caller":"runtime/proc.go:290","msg":"数据库连接成功"}
{"level":"info","time":"2026-05-14T00:02:22.847+0800","caller":"runtime/proc.go:290","msg":"Redis 连接成功"}
{"level":"info","time":"2026-05-14T00:02:22.847+0800","caller":"runtime/proc.go:290","msg":"HTTP 服务启动,监听地址: 8080"}
{"level":"info","time":"2026-05-14T00:02:27.852+0800","caller":"runtime/proc.go:290","msg":"日志初始化完成"}
{"level":"info","time":"2026-05-14T00:02:27.868+0800","caller":"runtime/proc.go:290","msg":"数据库连接成功"}
{"level":"info","time":"2026-05-14T00:02:27.875+0800","caller":"runtime/proc.go:290","msg":"Redis 连接成功"}
{"level":"info","time":"2026-05-14T00:02:27.875+0800","caller":"runtime/proc.go:290","msg":"HTTP 服务启动,监听地址: 8080"}
{"level":"info","time":"2026-05-14T00:02:30.174+0800","caller":"runtime/proc.go:290","msg":"日志初始化完成"}
{"level":"info","time":"2026-05-14T00:02:30.190+0800","caller":"runtime/proc.go:290","msg":"数据库连接成功"}
{"level":"info","time":"2026-05-14T00:02:30.196+0800","caller":"runtime/proc.go:290","msg":"Redis 连接成功"}
{"level":"info","time":"2026-05-14T00:02:30.196+0800","caller":"runtime/proc.go:290","msg":"HTTP 服务启动,监听地址: 8080"}
{"level":"info","time":"2026-05-14T00:04:42.641+0800","caller":"runtime/proc.go:290","msg":"日志初始化完成"}
{"level":"info","time":"2026-05-14T00:04:42.656+0800","caller":"runtime/proc.go:290","msg":"数据库连接成功"}
{"level":"info","time":"2026-05-14T00:04:42.663+0800","caller":"runtime/proc.go:290","msg":"Redis 连接成功"}
{"level":"info","time":"2026-05-14T00:04:42.663+0800","caller":"runtime/proc.go:290","msg":"HTTP 服务启动,监听地址: 8080"}
{"level":"info","time":"2026-05-14T00:06:38.742+0800","caller":"runtime/proc.go:290","msg":"日志初始化完成"}
{"level":"info","time":"2026-05-14T00:06:38.758+0800","caller":"runtime/proc.go:290","msg":"数据库连接成功"}
{"level":"info","time":"2026-05-14T00:06:38.765+0800","caller":"runtime/proc.go:290","msg":"Redis 连接成功"}
{"level":"info","time":"2026-05-14T00:06:38.765+0800","caller":"runtime/proc.go:290","msg":"HTTP 服务启动,监听地址: %!d(string=:8080)"}
{"level":"info","time":"2026-05-14T00:07:19.244+0800","caller":"runtime/proc.go:290","msg":"日志初始化完成"}
{"level":"info","time":"2026-05-14T00:07:19.260+0800","caller":"runtime/proc.go:290","msg":"数据库连接成功"}
{"level":"info","time":"2026-05-14T00:07:19.267+0800","caller":"runtime/proc.go:290","msg":"Redis 连接成功"}
{"level":"info","time":"2026-05-14T00:07:19.267+0800","caller":"runtime/proc.go:290","msg":"HTTP 服务启动,监听地址: %!d(string=8080)"}
{"level":"info","time":"2026-05-14T00:08:24.797+0800","caller":"runtime/proc.go:290","msg":"日志初始化完成"}
{"level":"info","time":"2026-05-14T00:08:24.814+0800","caller":"runtime/proc.go:290","msg":"数据库连接成功"}
{"level":"info","time":"2026-05-14T00:08:24.820+0800","caller":"runtime/proc.go:290","msg":"Redis 连接成功"}
{"level":"info","time":"2026-05-14T00:08:24.820+0800","caller":"runtime/proc.go:290","msg":"HTTP 服务启动,监听地址: %!d(string=8080)"}
{"level":"info","time":"2026-05-14T00:09:43.936+0800","caller":"runtime/proc.go:290","msg":"日志初始化完成"}
{"level":"info","time":"2026-05-14T00:09:43.952+0800","caller":"runtime/proc.go:290","msg":"数据库连接成功"}
{"level":"info","time":"2026-05-14T00:09:43.959+0800","caller":"runtime/proc.go:290","msg":"Redis 连接成功"}
{"level":"info","time":"2026-05-14T00:09:43.959+0800","caller":"runtime/proc.go:290","msg":"HTTP 服务启动,监听地址: :8080"}
{"level":"info","time":"2026-05-16T16:53:42.375+0800","caller":"runtime/proc.go:290","msg":"日志初始化完成"}
{"level":"info","time":"2026-05-16T16:53:42.395+0800","caller":"runtime/proc.go:290","msg":"数据库连接成功"}
{"level":"info","time":"2026-05-16T16:53:42.807+0800","caller":"runtime/proc.go:290","msg":"数据库迁移成功,6 张表已就绪"}
{"level":"info","time":"2026-05-16T16:55:01.668+0800","caller":"runtime/proc.go:290","msg":"日志初始化完成"}
{"level":"info","time":"2026-05-16T16:55:01.684+0800","caller":"runtime/proc.go:290","msg":"数据库连接成功"}
{"level":"info","time":"2026-05-16T16:55:01.731+0800","caller":"runtime/proc.go:290","msg":"数据库迁移成功,6 张表已就绪"}
{"level":"info","time":"2026-05-16T17:01:01.132+0800","caller":"runtime/proc.go:290","msg":"日志初始化完成"}
{"level":"info","time":"2026-05-16T17:01:01.148+0800","caller":"runtime/proc.go:290","msg":"数据库连接成功"}
{"level":"info","time":"2026-05-16T17:01:01.190+0800","caller":"runtime/proc.go:290","msg":"数据库迁移成功,6 张表已就绪"}
{"level":"info","time":"2026-05-16T17:01:11.356+0800","caller":"runtime/proc.go:290","msg":"日志初始化完成"}
{"level":"info","time":"2026-05-16T17:01:11.374+0800","caller":"runtime/proc.go:290","msg":"数据库连接成功"}
{"level":"info","time":"2026-05-16T17:01:11.417+0800","caller":"runtime/proc.go:290","msg":"数据库迁移成功,6 张表已就绪"}
{"level":"info","time":"2026-05-16T17:01:11.425+0800","caller":"runtime/proc.go:290","msg":"Redis 连接成功"}
{"level":"info","time":"2026-05-16T17:01:11.425+0800","caller":"runtime/proc.go:290","msg":"HTTP 服务启动,监听地址: :8080"}
